<?xml version="1.0" encoding="UTF-8"?>
<testng-results ignored="0" total="1" passed="1" failed="0" skipped="0">
  <reporter-output>
  </reporter-output>
  <suite started-at="2026-08-24T20:36:27 IST" name="Default suite" finished-at="2026-08-24T20:36:37 IST" duration-ms="10098">
    <groups>
    </groups>
    <test started-at="2026-08-24T20:36:27 IST" name="Default test" finished-at="2026-08-24T20:36:37 IST" duration-ms="10098">
      <class name="com.madhu.tests.GoogleTest">
        <test-method signature="openGoogle()[pri:0, instance:com.madhu.tests.GoogleTest@73a1e9a9]" started-at="2026-08-24T20:36:27 IST" name="openGoogle" finished-at="2026-08-24T20:36:37 IST" duration-ms="10053" status="PASS">
          <reporter-output>
          </reporter-output>
        </test-method> <!-- openGoogle -->
      </class> <!-- com.madhu.tests.GoogleTest -->
    </test> <!-- Default test -->
  </suite> <!-- Default suite -->
</testng-results>
