<?xml version="1.0" encoding="UTF-8"?>
<testng-results ignored="0" total="1" passed="1" failed="0" skipped="0">
  <reporter-output>
  </reporter-output>
  <suite started-at="2026-07-28T16:53:14 IST" name="Jenkins Demo Suite" finished-at="2026-07-28T16:53:26 IST" duration-ms="12095">
    <groups>
    </groups>
    <test started-at="2026-07-28T16:53:14 IST" name="Google Test" finished-at="2026-07-28T16:53:26 IST" duration-ms="12095">
      <class name="com.madhu.tests.GoogleTest">
        <test-method signature="openGoogle()[pri:0, instance:com.madhu.tests.GoogleTest@411f53a0]" started-at="2026-07-28T16:53:14 IST" name="openGoogle" finished-at="2026-07-28T16:53:26 IST" duration-ms="12047" status="PASS">
          <reporter-output>
          </reporter-output>
        </test-method> <!-- openGoogle -->
      </class> <!-- com.madhu.tests.GoogleTest -->
    </test> <!-- Google Test -->
  </suite> <!-- Jenkins Demo Suite -->
</testng-results>
